2017-08-16 17:16:26 INFO  Service: - Current phase of the day is day
2017-08-16 17:16:26 INFO  App: - day branch
2017-08-16 17:38:45 INFO  Service: - Current phase of the day is day
2017-08-16 17:39:37 INFO  Service: - Current phase of the day is morning
2017-08-16 17:43:35 INFO  Service: - Current phase of the day is evening
2017-08-16 17:43:35 INFO  Service: - Current phase of the day is night
2017-08-16 17:43:35 INFO  Service: - Current phase of the day is day
2017-08-16 17:43:35 INFO  Service: - Current phase of the day is morning
2017-08-16 17:44:41 INFO  Service: - Current phase of the day is evening
2017-08-16 17:44:41 INFO  Service: - Current phase of the day is night
2017-08-16 17:44:41 INFO  Service: - Current phase of the day is day
2017-08-16 17:44:41 INFO  Service: - Current phase of the day is morning
2017-08-16 17:46:52 INFO  Service: - Current phase of the day is evening
2017-08-16 17:46:52 INFO  Service: - Current phase of the day is night
2017-08-16 17:46:52 INFO  Service: - Current phase of the day is night
2017-08-16 17:46:52 INFO  Service: - Current phase of the day is morning
2017-08-16 17:47:11 INFO  Service: - Current phase of the day is evening
2017-08-16 17:47:11 INFO  Service: - Current phase of the day is night
2017-08-16 17:47:11 INFO  Service: - Current phase of the day is night
2017-08-16 17:47:11 INFO  Service: - Current phase of the day is morning
2017-08-16 17:47:36 INFO  Service: - Current phase of the day is evening
2017-08-16 17:47:36 INFO  Service: - Current phase of the day is night
2017-08-16 17:47:36 INFO  Service: - Current phase of the day is night
2017-08-16 17:47:36 INFO  Service: - Current phase of the day is morning
2017-08-16 17:47:45 INFO  Service: - Current phase of the day is evening
2017-08-16 17:47:45 INFO  Service: - Current phase of the day is night
2017-08-16 17:47:45 INFO  Service: - Current phase of the day is morning
2017-08-16 17:47:45 INFO  Service: - Current phase of the day is morning
2017-08-16 17:48:22 INFO  Service: - Current phase of the day is evening
2017-08-16 17:48:22 INFO  Service: - Current phase of the day is night
2017-08-16 17:48:22 INFO  Service: - Current phase of the day is day
2017-08-16 17:48:22 INFO  Service: - Current phase of the day is morning
2017-08-16 19:28:51 INFO  Service: - Current phase of the day is evening
2017-08-16 19:28:51 INFO  Service: - Current phase of the day is night
2017-08-16 19:28:51 INFO  Service: - Current phase of the day is day
2017-08-16 19:28:51 INFO  Service: - Current phase of the day is morning
2017-08-16 19:29:36 INFO  Service: - Current phase of the day is EVENING
2017-08-16 19:29:36 INFO  Service: - Current phase of the day is NIGHT
2017-08-16 19:29:36 INFO  Service: - Current phase of the day is DAY
2017-08-16 19:29:36 INFO  Service: - Current phase of the day is MORNING
2017-08-16 19:54:27 INFO  Service: - Current phase of the day is EVENING
2017-08-16 19:54:27 INFO  Service: - Current phase of the day is NIGHT
2017-08-16 19:54:27 INFO  Service: - Current phase of the day is DAY
2017-08-16 19:54:27 INFO  Service: - Current phase of the day is MORNING
2017-08-16 19:56:47 INFO  Service: - Current phase of the day is EVENING
2017-08-16 19:56:47 INFO  App: - evening branch
2017-08-16 19:57:48 INFO  Service: - Current phase of the day is EVENING
2017-08-16 19:57:48 INFO  App: - evening branch
2017-08-16 19:59:01 INFO  Service: - Current phase of the day is EVENING
2017-08-16 19:59:01 INFO  Service: - Current phase of the day is NIGHT
2017-08-16 19:59:01 INFO  Service: - Current phase of the day is DAY
2017-08-16 19:59:01 INFO  Service: - Current phase of the day is MORNING
2017-08-16 20:10:30 INFO  Service: - Current phase of the day is EVENING
2017-08-16 20:10:30 INFO  Service: - Current phase of the day is NIGHT
2017-08-16 20:10:30 INFO  Service: - Current phase of the day is DAY
2017-08-16 20:10:30 INFO  Service: - Current phase of the day is MORNING
2017-08-16 20:14:51 INFO  Service: - Current phase of the day is EVENING
2017-08-16 20:14:51 INFO  Service: - Current phase of the day is NIGHT
2017-08-16 20:14:51 INFO  Service: - Current phase of the day is DAY
2017-08-16 20:14:51 INFO  Service: - Current phase of the day is MORNING
2017-08-16 20:17:42 INFO  Service: - Current phase of the day is EVENING
2017-08-16 20:17:42 INFO  Service: - Current phase of the day is NIGHT
2017-08-16 20:17:42 INFO  Service: - Current phase of the day is DAY
2017-08-16 20:17:42 INFO  Service: - Current phase of the day is MORNING
2017-08-16 20:23:20 INFO  Service: - Current phase of the day is EVENING
2017-08-16 20:23:20 INFO  Service: - Current phase of the day is NIGHT
2017-08-16 20:23:20 INFO  Service: - Current phase of the day is DAY
2017-08-16 20:23:20 INFO  Service: - Current phase of the day is MORNING
2017-08-16 20:24:49 INFO  Service: - Current phase of the day is EVENING
2017-08-16 20:24:49 INFO  Service: - Current phase of the day is NIGHT
2017-08-16 20:24:49 INFO  Service: - Current phase of the day is DAY
2017-08-16 20:24:49 INFO  Service: - Current phase of the day is MORNING
